Device Index: 0
  Selected: true
  Device Name: Quadro K4200
  Device Vendor: NVIDIA Corporation
  Device Version: OpenCL 1.2 CUDA
  Driver Version: 384.111
  Device Type: gpu 
  Device Extensions: cl_khr_global_int32_base_atomics cl_khr_global_int32_extended_atomics cl_khr_local_int32_base_atomics cl_khr_local_int32_extended_atomics cl_khr_fp64 cl_khr_byte_addressable_store cl_khr_icd cl_khr_gl_sharing cl_nv_compiler_options cl_nv_device_attribute_query cl_nv_pragma_unroll cl_nv_copy_opts cl_khr_gl_event cl_nv_create_buffer
  Device OpenCL C Version: OpenCL C 1.2 
  Device Available: true
  Device Compiler Available: true
  Device Linker Available: true
  Platform Name: NVIDIA CUDA
  Platform Vendor: NVIDIA Corporation
  Platform Version: OpenCL 1.2 CUDA 9.0.282
  Platform Profile: FULL_PROFILE
  Platform Extensions: cl_khr_global_int32_base_atomics cl_khr_global_int32_extended_atomics cl_khr_local_int32_base_atomics cl_khr_local_int32_extended_atomics cl_khr_fp64 cl_khr_byte_addressable_store cl_khr_icd cl_khr_gl_sharing cl_nv_compiler_options cl_nv_device_attribute_query cl_nv_pragma_unroll cl_nv_copy_opts cl_khr_gl_event cl_nv_create_buffer

Device Index: 1
  Selected: false
  Device Name: Quadro 2000
  Device Vendor: NVIDIA Corporation
  Device Version: OpenCL 1.1 CUDA
  Driver Version: 384.111
  Device Type: gpu 
  Device Extensions: cl_khr_global_int32_base_atomics cl_khr_global_int32_extended_atomics cl_khr_local_int32_base_atomics cl_khr_local_int32_extended_atomics cl_khr_fp64 cl_khr_byte_addressable_store cl_khr_icd cl_khr_gl_sharing cl_nv_compiler_options cl_nv_device_attribute_query cl_nv_pragma_unroll cl_nv_copy_opts cl_khr_gl_event cl_nv_create_buffer
  Device OpenCL C Version: OpenCL C 1.1 
  Device Available: true
  Device Compiler Available: true
  Device Linker Available: true
  Platform Name: NVIDIA CUDA
  Platform Vendor: NVIDIA Corporation
  Platform Version: OpenCL 1.2 CUDA 9.0.282
  Platform Profile: FULL_PROFILE
  Platform Extensions: cl_khr_global_int32_base_atomics cl_khr_global_int32_extended_atomics cl_khr_local_int32_base_atomics cl_khr_local_int32_extended_atomics cl_khr_fp64 cl_khr_byte_addressable_store cl_khr_icd cl_khr_gl_sharing cl_nv_compiler_options cl_nv_device_attribute_query cl_nv_pragma_unroll cl_nv_copy_opts cl_khr_gl_event cl_nv_create_buffer

