[10/30/17, 12:40:13:917] info: ╔═════════════════════════════════════════════════════════════════════════════════╗
[10/30/17, 12:40:13:921] info: ║      Slack 2.8.2, linux 4.10.0-37-generic on x64 at 10/30/17, 12:40:13:899      ║
[10/30/17, 12:40:13:924] info: ╚═════════════════════════════════════════════════════════════════════════════════╝
[10/30/17, 12:40:14:244] info: Initializing local storage instance at path: /home/fdf/.config/Slack/local-settings.json
[10/30/17, 12:40:14:559] info: TraceRecorder: setting up trace recorder, trace will be stored under /home/fdf/.config/Slack/logs/recorded-trace
[10/30/17, 12:40:15:066] info: Store: persist/REHYDRATE
[10/30/17, 12:40:15:070] info: BrowserStore: Let's migrate Redux state
[10/30/17, 12:40:15:071] info: Initializing local storage instance at path: /home/fdf/.config/Slack/redux-state.json
[10/30/17, 12:40:15:073] info: BrowserStore: Finished migration, make a note of it
[10/30/17, 12:40:15:077] info: Store: COMPLETED
{ redux: true, macgap: false }
[10/30/17, 12:40:15:421] info: Tray Handler: Showing a tray balloon with title: Welcome to Slack!
[10/30/17, 12:40:15:429] info: Store: UPDATE_SETTINGS
{ isDevMode: false,
  appVersion: '2.8.2',
  versionName: 'Zero',
  devEnv: null,
  resourcePath: '/usr/lib/slack/resources/app.asar',
  launchedWithLink: null,
  webappSrcPath: null,
  webappParams: null,
  launchOnStartup: false,
  releaseChannel: 'prod',
  openDevToolsOnStart: false,
  logFile: null,
  pretendNotReallyWindows10: false,
  isAeroGlassEnabled: false,
  platformVersion: { major: 4, minor: 10, build: 0 },
  isTitleBarHidden: false,
  linux: 
   { os: 'Ubuntu 17.04',
     release: 'zesty',
     desktopEnvironment: 'GNOME' } }
[10/30/17, 12:40:15:435] info: Store: UPDATE_SETTINGS
{ hasRunApp: true }
[10/30/17, 12:40:15:450] info: Store: ADD_WINDOW
{ id: 1, type: 'MAIN' }
[10/30/17, 12:40:15:456] info: Loading windowMetrics
[10/30/17, 12:40:15:459] info: Store: SAVE_WINDOW_SETTINGS
{ position: [ 328, 130 ], size: [ 1024, 818 ] }
[10/30/17, 12:40:15:488] info: Store: UPDATE_SETTINGS
{ PrefSSBFileDownloadPath: '/home/fdf/Downloads' }
[10/30/17, 12:40:15:493] info: DownloadListener: Downloads directory set to /home/fdf/Downloads
[10/30/17, 12:40:15:497] info: App: Welcome to Slack 2.8.2 x64
[10/30/17, 12:40:15:498] info: App load time: 1763ms
[10/30/17, 12:40:15:501] info: Store: SET_FULL_SCREEN
[10/30/17, 12:40:15:582] info: TransformPasswords: Writing entire reducer
[10/30/17, 12:40:17:265] info: Store: SET_NETWORK_STATUS online
[10/30/17, 12:40:17:285] info: Main window finished load. Launched on login: false
[10/30/17, 12:40:17:307] info: Store: APP_STARTED
[10/30/17, 12:40:17:320] info: Store: SET_FULL_SCREEN
[10/30/17, 12:40:17:325] info: Store: SET_FULL_SCREEN
[10/30/17, 12:40:17:328] info: Store: SET_FULL_SCREEN
[10/30/17, 12:40:17:330] info: Store: SET_FULL_SCREEN
[10/30/17, 12:40:18:299] info: Store: SAVE_WINDOW_SETTINGS
{ size: [ 1024, 818 ],
  position: [ 328, 167 ],
  isMaximized: false }
[10/30/17, 12:40:18:324] info: Store: SET_FULL_SCREEN
[10/30/17, 12:40:19:489] info: Store: page-loaded
[10/30/17, 12:40:21:440] info: Store: FOREGROUND_APP
[10/30/17, 12:40:21:469] info: Store: SET_FULL_SCREEN
[10/30/17, 12:40:26:174] info: Store: page-loaded
[10/30/17, 12:40:32:159] info: Store: page-loaded
[10/30/17, 12:40:49:418] info: Store: ADD_NEW_TEAM
{ id: 'U7T0FV50X',
  name: '[REDACTED]',
  team_id: 'T22HQB273',
  team_name: '[REDACTED]',
  team_url: '[REDACTED]' }
[10/30/17, 12:40:49:434] info: Store: SET_LOGIN_DIALOG
[10/30/17, 12:40:55:102] info: Store: page-loaded
[10/30/17, 12:40:55:484] info: Store: SELECT_CHANNEL C22HQB4V7
[10/30/17, 12:40:55:494] info: Store: UPDATE_TEAM_LOCALE
{ locale: 'en-US', teamId: 'T22HQB273' }
[10/30/17, 12:40:55:563] info: Store: UPDATE_TEAM_THEME
{ theme: 
   { column_bg: '#4D394B',
     menu_bg: '#3E313C',
     active_item: '#4C9689',
     active_item_text: '#FFFFFF',
     hover_item: '#3E313C',
     text_color: '#FFFFFF',
     active_presence: '#38978D',
     badge: '#EB4D5C' },
  teamId: 'T22HQB273' }
[10/30/17, 12:40:56:976] info: Store: UPDATE_TEAM_ICONS
{ icons: false, teamId: 'T22HQB273' }
[10/30/17, 12:40:57:459] info: Store: UPDATE_TEAM_LOCALE
{ locale: 'en-US', teamId: 'T22HQB273' }
[10/30/17, 12:40:57:554] info: Store: webapp-loaded
[10/30/17, 12:40:57:744] info: Store: [7] Store an API token for a team
[10/30/17, 12:40:57:747] info: TransformPasswords: Writing entire reducer
[10/30/17, 12:40:59:962] info: Store: SET_FULL_SCREEN
[10/30/17, 12:41:01:534] info: Store: SAVE_WINDOW_SETTINGS
{ position: [ 2008, 105 ],
  size: [ 1024, 840 ],
  isMaximized: true }
[10/30/17, 12:41:16:730] info: Store: SET_FULL_SCREEN
[10/30/17, 12:42:34:592] info: Attempted to close the window, hiding due to run from tray
[10/30/17, 12:42:34:598] info: Store: UPDATE_SETTINGS
{ hasRunFromTray: true }
[10/30/17, 12:42:34:613] info: Store: SHOW_TRAY_BALLOON
{ title: 'Why didn’t Slack quit?',
  content: 'Slack’s set to stay running in the notification area. To change this, visit Preferences > Linux App.' }
[10/30/17, 12:42:34:616] info: Tray Handler: Showing a tray balloon with title: Why didn’t Slack quit?
[10/30/17, 12:42:34:692] info: Store: SET_FULL_SCREEN
[10/30/17, 12:42:35:698] info: Store: SAVE_WINDOW_SETTINGS
{ size: [ 1680, 1013 ],
  position: [ 1680, 0 ],
  isMaximized: false }
[10/30/17, 15:36:04:026] info: Store: FOREGROUND_APP
[10/30/17, 15:36:04:094] info: Store: SET_FULL_SCREEN
[10/30/17, 15:36:04:096] info: Store: SET_FULL_SCREEN
[10/30/17, 15:36:04:098] info: Store: SET_FULL_SCREEN
[10/30/17, 15:36:04:101] info: Store: SET_FULL_SCREEN
[10/30/17, 15:36:05:096] info: Store: SAVE_WINDOW_SETTINGS
{ position: [ 2008, 105 ],
  size: [ 1024, 840 ],
  isMaximized: true }
[10/30/17, 15:36:06:436] info: Store: SELECT_CHANNEL G28L712E5
[10/30/17, 15:36:09:441] info: Store: SELECT_CHANNEL C22HQB4V7
[10/30/17, 15:36:10:778] info: Store: SELECT_CHANNEL G28L712E5
[10/30/17, 15:36:12:250] info: Store: SELECT_CHANNEL C22HQB4V7
[10/30/17, 15:36:13:993] info: Store: SELECT_CHANNEL G28L712E5
[10/30/17, 15:36:23:767] info: Attempted to close the window, hiding due to run from tray
[10/30/17, 15:36:23:839] info: Store: SET_FULL_SCREEN
[10/30/17, 15:36:23:842] info: Store: SET_FULL_SCREEN
[10/30/17, 15:36:24:848] info: Store: SAVE_WINDOW_SETTINGS
{ size: [ 1680, 1013 ],
  position: [ 1689, 7 ],
  isMaximized: false }
[10/30/17, 15:36:26:375] info: Store: FOREGROUND_APP
[10/30/17, 15:36:26:427] info: Store: SET_FULL_SCREEN
[10/30/17, 15:36:26:429] info: Store: SET_FULL_SCREEN
[10/30/17, 15:36:26:437] info: Store: SET_FULL_SCREEN
[10/30/17, 15:36:26:439] info: Store: SET_FULL_SCREEN
[10/30/17, 15:36:27:429] info: Store: SAVE_WINDOW_SETTINGS
{ position: [ 2008, 105 ],
  size: [ 1024, 840 ],
  isMaximized: true }
[10/30/17, 15:36:41:269] info: Attempted to close the window, hiding due to run from tray
[10/30/17, 15:36:41:337] info: Store: SET_FULL_SCREEN
[10/30/17, 15:36:41:341] info: Store: SET_FULL_SCREEN
[10/30/17, 15:36:42:345] info: Store: SAVE_WINDOW_SETTINGS
{ size: [ 1680, 1013 ],
  position: [ 1689, 7 ],
  isMaximized: false }
