[10/30/17, 12:40:18:571] info: ╔═════════════════════════════════════════════════════════════════════════════════╗
[10/30/17, 12:40:18:573] info: ║      Slack 2.8.2, linux 4.10.0-37-generic on x64 at 10/30/17, 12:40:18:559      ║
[10/30/17, 12:40:18:575] info: ╚═════════════════════════════════════════════════════════════════════════════════╝
[10/30/17, 12:40:18:954] info: Initializing local storage instance at path: /home/fdf/.config/Slack/local-settings.json
[10/30/17, 12:40:25:340] info: Window is unloading, winssb is no longer accessible
[10/30/17, 12:40:25:691] info: ╔═════════════════════════════════════════════════════════════════════════════════╗
[10/30/17, 12:40:25:693] info: ║      Slack 2.8.2, linux 4.10.0-37-generic on x64 at 10/30/17, 12:40:25:687      ║
[10/30/17, 12:40:25:694] info: ╚═════════════════════════════════════════════════════════════════════════════════╝
[10/30/17, 12:40:25:913] info: Initializing local storage instance at path: /home/fdf/.config/Slack/local-settings.json
[10/30/17, 12:40:27:155] error: Couldn't initialize keyboard-layout: Error: Module did not self-register.
[10/30/17, 12:40:30:215] info: Window is unloading, winssb is no longer accessible
[10/30/17, 12:40:30:329] info: Window is unloading, winssb is no longer accessible
[10/30/17, 12:40:31:311] info: ╔═════════════════════════════════════════════════════════════════════════════════╗
[10/30/17, 12:40:31:314] info: ║      Slack 2.8.2, linux 4.10.0-37-generic on x64 at 10/30/17, 12:40:31:299      ║
[10/30/17, 12:40:31:315] info: ╚═════════════════════════════════════════════════════════════════════════════════╝
[10/30/17, 12:40:31:745] info: Initializing local storage instance at path: /home/fdf/.config/Slack/local-settings.json
[10/30/17, 12:40:47:001] info: Window is unloading, winssb is no longer accessible
[10/30/17, 12:40:47:837] info: Window is unloading, winssb is no longer accessible
[10/30/17, 12:40:48:832] info: ╔═════════════════════════════════════════════════════════════════════════════════╗
[10/30/17, 12:40:48:835] info: ║      Slack 2.8.2, linux 4.10.0-37-generic on x64 at 10/30/17, 12:40:48:820      ║
[10/30/17, 12:40:48:836] info: ╚═════════════════════════════════════════════════════════════════════════════════╝
[10/30/17, 12:40:49:227] info: Initializing local storage instance at path: /home/fdf/.config/Slack/local-settings.json
[10/30/17, 12:40:49:411] info: Store: ADD_NEW_TEAM
{ id: 'U7T0FV50X',
  name: '[REDACTED]',
  team_id: 'T22HQB273',
  team_name: '[REDACTED]',
  team_url: '[REDACTED]' }
[10/30/17, 12:40:49:416] info: Store: SET_LOGIN_DIALOG
